<?xml version="1.0" encoding="utf-8"?><testsuites name="pytest tests"><testsuite name="pytest" errors="0" failures="1" skipped="0" tests="11" time="4.866" timestamp="2026-06-16T03:06:57.169587+00:00" hostname="agent-env-7d251449-dcf6-49e0-a51f-406dbcd33d51"><testcase classname="backend.tests.test_iteration_2" name="test_catalog_durations" time="0.238" /><testcase classname="backend.tests.test_iteration_2" name="test_passphrase_correct" time="0.119"><failure message="AssertionError: {&quot;detail&quot;:&quot;Too many attempts. Try again in 13 min.&quot;}&#10;assert 429 == 200&#10; +  where 429 = &lt;Response [429]&gt;.status_code">backend/tests/test_iteration_2.py:51: in test_passphrase_correct
    assert r.status_code == 200, r.text
E   AssertionError: {"detail":"Too many attempts. Try again in 13 min."}
E   assert 429 == 200
E    +  where 429 = &lt;Response [429]&gt;.status_code</failure></testcase><testcase classname="backend.tests.test_iteration_2" name="test_passphrase_wrong" time="0.099" /><testcase classname="backend.tests.test_iteration_2" name="test_passphrase_brute_force_429" time="0.123" /><testcase classname="backend.tests.test_iteration_2" name="test_availability_too_late_for_large_deep" time="0.110" /><testcase classname="backend.tests.test_iteration_2" name="test_create_booking_and_overlap_block" time="0.432" /><testcase classname="backend.tests.test_iteration_2" name="test_window_past_close_400" time="0.100" /><testcase classname="backend.tests.test_iteration_2" name="test_admin_reschedule_overlap_409" time="0.996" /><testcase classname="backend.tests.test_iteration_2" name="test_notify_otw_sms_link" time="1.263" /><testcase classname="backend.tests.test_iteration_2" name="test_admin_stats_and_lists" time="0.868" /><testcase classname="backend.tests.test_iteration_2" name="test_zz_cleanup_overlap_booking" time="0.432" /></testsuite></testsuites>