<?xml version="1.0" encoding="utf-8"?><testsuites name="pytest tests"><testsuite name="pytest" errors="0" failures="0" skipped="0" tests="11" time="1.054" timestamp="2026-06-16T05:04:48.361355+00:00" hostname="agent-env-7d251449-dcf6-49e0-a51f-406dbcd33d51"><testcase classname="backend.tests.test_iteration_3.TestCatalogUpsells" name="test_catalog_has_starts_at_and_upsells" time="0.160" /><testcase classname="backend.tests.test_iteration_3.TestCatalogUpsells" name="test_catalog_pet_upsells" time="0.049" /><testcase classname="backend.tests.test_iteration_3.TestQuoteStacking" name="test_business_with_rooms_addons_discount" time="0.045" /><testcase classname="backend.tests.test_iteration_3.TestQuoteStacking" name="test_light_house_no_extras" time="0.045" /><testcase classname="backend.tests.test_iteration_3.TestQuoteStacking" name="test_dog_walking_with_pets_and_addons" time="0.044" /><testcase classname="backend.tests.test_iteration_3.TestQuoteStacking" name="test_standard_with_byo_only" time="0.045" /><testcase classname="backend.tests.test_iteration_3.TestQuoteStacking" name="test_discount_does_not_apply_to_pet" time="0.047" /><testcase classname="backend.tests.test_iteration_3.TestBookingUpsellPersistence" name="test_create_booking_with_upsells_persists" time="0.138" /><testcase classname="backend.tests.test_iteration_3.TestBookingUpsellPersistence" name="test_admin_can_read_back_upsell_fields" time="0.105" /><testcase classname="backend.tests.test_iteration_3.TestRegression" name="test_admin_passphrase_duck" time="0.047" /><testcase classname="backend.tests.test_iteration_3.TestRegression" name="test_duration_blocks_overlap" time="0.264" /></testsuite></testsuites>