<?xml version="1.0" encoding="utf-8"?><testsuites name="pytest tests"><testsuite name="pytest" errors="0" failures="0" skipped="0" tests="8" time="4.635" timestamp="2026-06-16T00:08:47.788579+00:00" hostname="agent-env-86e1f2e6-f2ce-470c-8484-508f3c32315f"><testcase classname="backend.tests.test_pawfect_api.TestETA" name="test_eta_health" time="0.173" /><testcase classname="backend.tests.test_pawfect_api.TestETA" name="test_eta_standard_nearby_atlanta" time="0.685" /><testcase classname="backend.tests.test_pawfect_api.TestETA" name="test_eta_extended_or_classified_correctly" time="0.975" /><testcase classname="backend.tests.test_pawfect_api.TestETA" name="test_eta_out_of_range_marietta" time="0.578" /><testcase classname="backend.tests.test_pawfect_api.TestETA" name="test_eta_empty_address" time="0.156" /><testcase classname="backend.tests.test_pawfect_api.TestETA" name="test_eta_gibberish_address" time="0.536" /><testcase classname="backend.tests.test_pawfect_api.TestBookings" name="test_create_booking_full_payload" time="1.355" /><testcase classname="backend.tests.test_pawfect_api.TestBookings" name="test_recent_bookings_lists_created" time="0.103" /></testsuite></testsuites>